C51 COMPILER V9.60.0.0   MAIN                                                              12/31/2022 14:41:48 PAGE 1   


C51 COMPILER V9.60.0.0, COMPILATION OF MODULE MAIN
OBJECT MODULE PLACED IN .\Objects\main.obj
COMPILER INVOKED BY: C:\Keil_v5\C51\BIN\C51.EXE main.c OPTIMIZE(8,SPEED) BROWSE DEBUG OBJECTEXTEND PRINT(.\Listings\main
                    -.lst) OBJECT(.\Objects\main.obj)

line level    source

   1          #include <REGX52.H>
   2          #include "Matrixkey.h"
   3          #include "LCD1602.h"
   4          #include "Delay.h"
   5          
   6          
   7          unsigned char KeyNum;
   8          unsigned int Password,count;
   9          void main()
  10          {
  11   1              LCD_Init();
  12   1              LCD_ShowString(1,1,"Password:");
  13   1              
  14   1              
  15   1              while(1)
  16   1              {       
  17   2                      KeyNum=Matrixkey();
  18   2                      if(KeyNum)
  19   2                      {
  20   3                              if(KeyNum<=10)
  21   3                              {
  22   4                                      if(count<4)
  23   4                                      {
  24   5                                              Password*=10;
  25   5                                              Password+=KeyNum%10;
  26   5                                              count++;
  27   5                                      }
  28   4                                      
  29   4                                      LCD_ShowNum(2,1,Password,4);
  30   4                              }
  31   3                              
  32   3                              
  33   3                              
  34   3                              if(KeyNum==11)
  35   3                              {
  36   4                                      if(Password==2022)
  37   4                                      {
  38   5                                              LCD_ShowString(1,14,"OK ");
  39   5                                              Password=0;
  40   5                                              count=0;
  41   5                                              LCD_ShowNum(2,1,Password,4);
  42   5                                      
  43   5                                              }
  44   4                                      else
  45   4                                      {
  46   5                                              LCD_ShowString(1,14,"ERR");
  47   5                                              Password=0;
  48   5                                              count=0;
  49   5                                              LCD_ShowNum(2,1,Password,4);
  50   5                                      
  51   5                                              }
  52   4                              }       
  53   3                              if(KeyNum==12)
  54   3                              {
C51 COMPILER V9.60.0.0   MAIN                                                              12/31/2022 14:41:48 PAGE 2   

  55   4                                      Password=0;
  56   4                                      count=0;
  57   4                                      LCD_ShowNum(2,1,Password,4);
  58   4                                              
  59   4                              }
  60   3                              
  61   3                      }
  62   2                      
  63   2              }
  64   1      }


MODULE INFORMATION:   STATIC OVERLAYABLE
   CODE SIZE        =    193    ----
   CONSTANT SIZE    =     18    ----
   XDATA SIZE       =   ----    ----
   PDATA SIZE       =   ----    ----
   DATA SIZE        =      5    ----
   IDATA SIZE       =   ----    ----
   BIT SIZE         =   ----    ----
END OF MODULE INFORMATION.


C51 COMPILATION COMPLETE.  0 WARNING(S),  0 ERROR(S)
